HKAI0001,,,0,did not find HKAI0001 for ID->filename mapping
AIZN0001,社会福祉法人　石井記念愛染園
付属　愛染橋病院,,0,could not find pdf for id=AIZN0001, filename=愛染橋病院様_2024年5月_月間報告書（兼年報）
KMRK0001,,,0,could not find pdf for id=KMRK0001, filename=ポートアイランド病院様_2024年5月_月間報告書
SAIS0001,東京都済生会向島病院,,0,could not find pdf for id=SAIS0001, filename=済生会向島病院様_2024年5月_月間報告書
FRKS0001,社会福祉法人 ふれあい共生会,,0,could not find pdf for id=FRKS0001, filename=ふれあい共生会様_2024年5月_月間報告書
KNSK0001,,,0,did not find KNSK0001 for ID->filename mapping
SAIS0003,,,0,did not find SAIS0003 for ID->filename mapping
AZNK0001,介護老人保健施設ケーアイ,,0,could not find pdf for id=AZNK0001, filename=老健ケーアイ様_2024年5月_月間報告書（兼年報）
MNCH0001,箕面市立病院 事務局,,0,could not find pdf for id=MNCH0001, filename=箕面市立病院様_2024年5月_月間報告書
KRYS0001,,,0,did not find KRYS0001 for ID->filename mapping
HEIW0001,社会医療法人平和会,,0,did not find HEIW0001 for ID->filename mapping
KESK0001,,,0,did not find KESK0001 for ID->filename mapping
SAIS0006,済生会横浜市東部病院,,0,could not find pdf for id=SAIS0006, filename=済生会横浜市東部病院様_2024年5月_月間報告書
BPTS0001,日本バプテスト病院,,0,did not find BPTS0001 for ID->filename mapping
TAPC0001,,,0,did not find TAPC0001 for ID->filename mapping
AIWA0001,,,0,did not find AIWA0001 for ID->filename mapping
AZNK0002,,,0,did not find AZNK0002 for ID->filename mapping
NHOH0001,,,0,did not find NHOH0001 for ID->filename mapping
AZNK0003,,,0,did not find AZNK0003 for ID->filename mapping
KNSN0001,,,0,did not find KNSN0001 for ID->filename mapping
KUFM0004,学校法人 近畿大学,,0,did not find KUFM0004 for ID->filename mapping
NCGM0001,,,0,could not find pdf for id=NCGM0001, filename=国府台病院様_2024年5月_月間報告書
NCGM0002,,,0,did not find NCGM0002 for ID->filename mapping
AZNK0005,,,0,could not find pdf for id=AZNK0005, filename=愛仁会リハビリテーション病院様_2024年5月_月間報告書（第2期）
AZNK0004,,,0,could not find pdf for id=AZNK0004, filename=ユーアイ様_2024年5月_月間報告書
AZNK0007,社会医療法人愛仁会
尼崎だいもつ病院,,0,did not find AZNK0007 for ID->filename mapping
AIWA0002,,,0,did not find AIWA0002 for ID->filename mapping
AZNK0008,明石医療センター,,0,did not find AZNK0008 for ID->filename mapping
AZNK0009,社会福祉法人愛仁会  高槻病院,,0,did not find AZNK0009 for ID->filename mapping
AZNK0006,,,0,could not find pdf for id=AZNK0006, filename=千船病院様_2024年5月_月間報告書
NHOH0002,,,0,could not find pdf for id=NHOH0002, filename=宇多野病院様_2024年5月_月間報告書（兼年報）
NHOH0003,,,0,could not find pdf for id=NHOH0003, filename=奈良医療センター様_2024年5月_月間報告書
KZNF0001,特別養護老人ホーム やすはら苑,,0,did not find KZNF0001 for ID->filename mapping
NHOH0004,独立行政法人 国立病院機構
近畿中央呼吸器センター,,0,did not find NHOH0004 for ID->filename mapping
NHOH0007,,,0,could not find pdf for id=NHOH0007, filename=やまと精神医療センター様_2024年5月_月間報告書
SNKC0001,,,0,could not find pdf for id=SNKC0001, filename=トレスタ白山様_2024年5月_月間報告書
SNKC0002,,,0,could not find pdf for id=SNKC0002, filename=喜代美山荘 花樹海様_2024年5月_月間報告書
ASAK0001,公益財団法人　浅香山病院,1,message successfully sent
ARIM0001,,,0,could not find pdf for id=ARIM0001, filename=有馬グランドホテル様_2024年5月_月間報告書
KMRK0002,,,0,did not find KMRK0002 for ID->filename mapping
ASPM0001,淀川キリスト教病院,,0,did not find ASPM0001 for ID->filename mapping
HCNR0001,株式会社聘珍樓,1,message successfully sent
KBKS0001,神戸海星病院,,0,could not find pdf for id=KBKS0001, filename=神戸海星病院様_2024年5月_月間報告書（厨房）
KBKS0002,,,0,could not find pdf for id=KBKS0002, filename=神戸海星病院様_2024年5月_月間報告書（電気・N-ONE）
SERE0001,特別養護老人ホーム 淡路栄光園,1,message successfully sent
HCOM0001,学校法人 兵庫医科大学,,0,did not find HCOM0001 for ID->filename mapping
KSRN0001,株式会社関電エネルギーソリューション,1,message successfully sent
SAIS0007,福井県済生会病院,,0,could not find pdf for id=SAIS0007, filename=福井県済生会病院様_2024年5月_月間報告書（東館電気）
SEIK0001,摂津特養ひかり,1,message successfully sent
SEIK0002,摂津老健ひかり,1,message successfully sent
KHNA0001,甲南加古川病院,1,message successfully sent
KHNA0002,六甲アイランド甲南病院,,0,could not find pdf for id=KHNA0002, filename=六甲アイランド甲南病院様_2024年5月_月間報告書（兼年報）
KHNA0003,甲南介護老人保健施設,,0,could not find pdf for id=KHNA0003, filename=甲南介護老人保健施設様_2024年5月_月間報告書（兼年報）
HCOM0002,学校法人 兵庫医科大学,,0,did not find HCOM0002 for ID->filename mapping
SHSH0001,晋真会 ベリタス病院,1,message successfully sent
KMUH0001,関西医科大学香里病院,1,message successfully sent
PANA0001,パナソニック株式会社 くらしアプライアンス社,,0,did not find PANA0001 for ID->filename mapping
SERE0003,,,0,did not find SERE0003 for ID->filename mapping
KYOW0001,協和会病院,,0,did not find KYOW0001 for ID->filename mapping
KOYU0001,介護老人保健施設 すばる魚崎の郷,,0,did not find KOYU0001 for ID->filename mapping
SERE0002,特別養護老人ホーム  森町愛光園,,0,could not find pdf for id=SERE0002, filename=特別養護老人ホーム  森町愛光園様_2024年5月_月間報告書
WRKE0001,社会福祉法人 奈良市和楽園,,0,could not find pdf for id=WRKE0001, filename=社会福祉法人 奈良市和楽園様_2024年5月_月間報告書
JURK0001,箕面グリーンヴィラ,,0,could not find pdf for id=JURK0001, filename=箕面グリーンビィラ様_2024年5月_月間報告書
CTHS0004,近江八幡市立総合医療センター,1,message successfully sent
KTHR0001,北播磨総合医療センター,1,message successfully sent
RAKW0001,洛和会音羽病院,1,message successfully sent
YMKI0001,医療法人  山紀会,1,message successfully sent
NGMK0001,国保野上厚生総合病院,1,message successfully sent
ZNSN0001,伊豆慶友病院,,0,did not find ZNSN0001 for ID->filename mapping
MRIN0001,宮地病院,1,message successfully sent
KOYU0002,,,0,did not find KOYU0002 for ID->filename mapping
OGKB0001,荻窪病院,1,message successfully sent
SAIS0009,泉南医療福祉センター,1,message successfully sent
MKWA0001,美喜和会オレンジホスピタル,1,message successfully sent
MNMG0003,佳翠苑 皆美,,0,could not find pdf for id=MNMG0003, filename=佳翠苑 皆美様_2024年5月_月間報告書（第1期 厨房）
BPTS0002,バプテスト老人保健施設,1,message successfully sent
YMKI0002,介護老人保健施設 やまき・あべの苑,1,message successfully sent
PBHS0001,公立八鹿病院,1,message successfully sent
KNSN0002,医療法人社団 健心会
シルバーステイあじさい,,0,did not find KNSN0002 for ID->filename mapping
YMKI0003,医療法人  山紀会,1,message successfully sent
YHHK0001,西横浜国際総合病院,1,message successfully sent
ISEI0001,学研都市病院,1,message successfully sent
KEJN0001,医療法人 渓仁会
札幌西円山病院 ,,0,could not find pdf for id=KEJN0001, filename=札幌西円山病院様_2024年5月_月間報告書
KOSH0001,青葉丘病院,1,message successfully sent
SEKE0001,千葉中央メディカルセンター,1,message successfully sent
SEKE0002,千葉メディカルセンター,1,message successfully sent
SEKE0003,介護老人保健施設 秀眉園,1,message successfully sent
KOWA0001,久我山病院,1,message successfully sent
SNKI0001,横浜新緑総合病院,1,message successfully sent
KOWA0002,特別養護老人ホーム 久我山園,,0,did not find KOWA0002 for ID->filename mapping
SEKE0004,セコメディック病院,,0,could not find pdf for id=SEKE0004, filename=セコメディック病院様_2024年5月_月間報告書（兼年報）
SNKI0002,医療法人社団 三喜会,,0,did not find SNKI0002 for ID->filename mapping
KGAR0001,花吉野カンツリー倶楽部　,,0,did not find KGAR0001 for ID->filename mapping
SHMZ0001,医療法人 清仁会,,0,could not find pdf for id=SHMZ0001, filename=洛西シミズ病院様_2024年5月_月間報告書
SHMZ0002,医療法人　清仁会,1,message successfully sent
NMSH0001,日本医科大学付属病院,,0,did not find NMSH0001 for ID->filename mapping
DOAI0001,医療社団法人 同愛会病院,1,message successfully sent
ISHN0001,社会医療法人 岡村一心堂病院,,0,did not find ISHN0001 for ID->filename mapping
AZNK0010,介護老人保健施設　ひまわり,,0,did not find AZNK0010 for ID->filename mapping
NHOH0008,国立病院機構 熊本医療センター,,0,could not find pdf for id=NHOH0008, filename=国立病院機構 熊本医療センター様_2024年5月_月間報告書
JCHO0002,りつりん病院,1,message successfully sent
NHOH0009,国立病院機構  長崎病院,,0,could not find pdf for id=NHOH0009, filename=国立病院機構 長崎病院様_2024年5月_月間報告書
TTJN0001,特別養護老人ホーム まつかぜの郷,1,message successfully sent
KNSY0001,東新潟病院,,0,did not find KNSY0001 for ID->filename mapping
CTHS0005,南魚沼市民病院,1,message successfully sent
KSMC0002,医療法人 清水会,,0,did not find KSMC0002 for ID->filename mapping
KSMC0001,医療法人 清水会,1,message successfully sent
TRTR0005,堅田漁業協同組合,1,message successfully sent
TRTR0006,堅田漁業協同組合,1,message successfully sent
ICYK0001,服部病院,1,message successfully sent
KSWF0001,西陣病院,1,message successfully sent
NHOH0011,国立病院機構 四国がんセンター,,0,did not find NHOH0011 for ID->filename mapping
RAKW0002,洛和会音羽病院,1,message successfully sent
SAIS0011,済生会新潟病院,,0,did not find SAIS0011 for ID->filename mapping
KOSK0001,武田病院,,0,did not find KOSK0001 for ID->filename mapping
SEKE0006,千葉中央メディカルセンター,1,message successfully sent
TKSH0001,松原徳洲会病院,,0,could not find pdf for id=TKSH0001, filename=松原徳洲会病院様_2024年5月_月間報告書
OSKZ0001,城東養護老人ホーム,,0,could not find pdf for id=OSKZ0001, filename=城東養護老人ホーム様_2024年5月_月間報告書
HKYU0001,名取病院,,0,did not find HKYU0001 for ID->filename mapping
MDRN0001,酒井病院,,0,did not find MDRN0001 for ID->filename mapping
JIEI0001,特別養護老人ホーム からまつ苑,1,message successfully sent
DWFK0001,特別養護老人ホーム まほろばの里,1,message successfully sent
SEKE0005,医療法人社団 誠馨会
新東京病院,,0,failed to create message
KEFK0001,高岡病院,1,message successfully sent
SOSE0001,蘇生会総合病院 ,1,message successfully sent
SOSE0002,老人保健施設 アールそせい・第2アールそせい,,0,could not find pdf for id=SOSE0002, filename=アールそせい・第2アールそせい様_2024年5月_月間報告書（兼年報）
REIM0001,社会医療法人黎明会,,0,could not find pdf for id=REIM0001, filename=北出病院様_2024年5月_月間報告書（兼年報）
TKTK0001,特別養護老人ホーム 出丸苑,,0,could not find pdf for id=TKTK0001, filename=特別養護老人ホーム 出丸苑様_2024年5月_月間報告書（兼年報）
JSHN0001,角田病院,1,message successfully sent
KACH0001,琵琶湖養育院病院,1,message successfully sent
KGNE0001,高槻黄金の里特別養護老人ホーム,1,message successfully sent
KGNE0002,特別養護老人ホーム しぎの黄金の里,1,message successfully sent
MDRK0001,介護老人保健施設　なごみの里,,0,could not find pdf for id=MDRK0001, filename=介護老人保健施設 なごみの里様_2024年5月_月間報告書
KEIJ0001,特別養護老人ホーム しかまの里,,0,could not find pdf for id=KEIJ0001, filename=特別養護老人ホーム しかまの里様_2024年5月_月間報告書
NMSH0002,日本医科大学千葉北総病院,1,message successfully sent
SEKO0001,介護老人保健施設 草津ケアセンター,,0,did not find SEKO0001 for ID->filename mapping
SHYU0001,くまもと芦北療育医療センター,1,message successfully sent
KBKS0003,コンフォートヒルズ六甲,1,message successfully sent
KESN0001,介護老人保健施設 ひしの里,1,message successfully sent
JIPP0001,新生病院,1,message successfully sent
HIRN0002,特別養護老人ホーム エイペックスひろの,1,message successfully sent
KBFK0001,特別養護老人ホーム 永栄園,,0,could not find pdf for id=KBFK0001, filename=特別養護老人ホーム 永栄園様_2024年5月_月間報告書
REIM0002,社会医療法人黎明会,1,message successfully sent
SOAI0001,相原第二病院,,0,could not find pdf for id=SOAI0001, filename=相原第二病院様_2024年5月_月間報告書
SHJK0001,社会福祉法人椎原寿恵会,1,message successfully sent
SEKO0002,淡海医療センター　,,0,could not find pdf for id=SEKO0002, filename=淡海医療センター様_2024年5月_月間報告書
DAIW0001,大和中央病院,1,message successfully sent
SESH0001,野上病院,1,message successfully sent
RTMK0001,,,0,could not find pdf for id=RTMK0001, filename=立命館大学大阪いばらきキャンパス OICカフェテリア様_2024年5月_月間報告書
RTMK0002,,,0,could not find pdf for id=RTMK0002, filename=立命館大学びわこ・くさつキャンパス ユニオンフードコート様_2024年5月_月間報告書
RTMK0003,,,0,could not find pdf for id=RTMK0003, filename=立命館大学びわこ・くさつキャンパス ユニオンカフェテリア様_2024年5月_月間報告書
RTMK0004,,,0,could not find pdf for id=RTMK0004, filename=立命館大学びわこ・くさつキャンパス リンクカフェテリア様_2024年5月_月間報告書
RTMK0005,,,0,could not find pdf for id=RTMK0005, filename=立命館大学衣笠キャンパス 諒友館食堂様_2024年5月_月間報告書
RTMK0006,,,0,could not find pdf for id=RTMK0006, filename=立命館大学衣笠キャンパス 存心館食堂様_2024年5月_月間報告書
RTMK0007,,,0,could not find pdf for id=RTMK0007, filename=立命館大学衣笠キャンパス 以学館食堂様_2024年5月_月間報告書
KOUY0001,特別養護老人ホーム大和園白鳳,,0,could not find pdf for id=KOUY0001, filename=特別養護老人ホーム 大和園白鳳様_2024年5月_月間報告書
AJRG0001,宇治病院,1,message successfully sent
KESN0002,介護老人保健施設 萌木の村,,0,could not find pdf for id=KESN0002, filename=介護老人保健施設 萌木の村様_2024年5月_月間報告書
KYHK0001,京都博愛会病院,,0,could not find pdf for id=KYHK0001, filename=京都博愛会病院様_2024年5月_月間報告書
SSJZ0001,なごみの里病院,1,message successfully sent
RYMD0001,大野病院,1,message successfully sent
KNWA0002,奈良東病院 ,,0,could not find pdf for id=KNWA0002, filename=介護老人保健施設 ならふくじゅ荘様_2024年5月_月間報告書
SSJZ0003,京都ならびがおか病院,1,message successfully sent
KYWS0001,加納総合病院,,0,could not find pdf for id=KYWS0001, filename=加納総合病院様_2024年5月_月間報告書
SKKE0001,社会福祉法人聖恵会,1,message successfully sent
FRHS0001,揖保川病院,1,message successfully sent
KOCH0002,大宮ケアホーム光,,0,could not find pdf for id=KOCH0002, filename=大宮ケアホーム光様_2024年5月_月間報告書
MIRK0001,医療法人 清水会,1,message successfully sent
MIRK0002,医療法人 清水会,1,message successfully sent
MIRK0003,医療法人 清水会,1,message successfully sent
KSMC0004,医療法人 清水会,1,message successfully sent
KSMC0003,医療法人 清水会,1,message successfully sent
KOUS0001,関屋病院,1,message successfully sent
SSJZ0002,京都東山老年サナトリウム,1,message successfully sent
KYSK0001,特別養護老人ホーム 瑞光苑,,0,could not find pdf for id=KYSK0001, filename=特別養護老人ホーム 瑞光苑様_2024年5月_月間報告書
SEJY0001,ためなが温泉病院,,0,could not find pdf for id=SEJY0001, filename=ためなが温泉病院様_2024年5月_月間報告書
SHYU0002,くまもと江津湖療育医療センター,,0,could not find pdf for id=SHYU0002, filename=くまもと江津湖療育医療センター様_2024年5月_月間報告書
IHRM0001,医療法人ＩＨＩ播磨病院,1,message successfully sent
JIKR0001,八幡慈恵病院,,0,could not find pdf for id=JIKR0001, filename=八幡慈恵病院様_2024年5月_月間報告書
SYNJ0001,特別養護老人ホーム ぐんげ今城の丘,1,message successfully sent
PELA0014,特別養護老人ホーム 浜の宮松竹園,1,message successfully sent
EXED0001,株式会社エクセディ 上野事業所（第1厨房、第2厨房）,1,message successfully sent
USKI0001,臼杵市医師会立コスモス病院,,0,could not find pdf for id=USKI0001, filename=臼杵市医師会立コスモス病院様_2024年5月_月間報告書
PELA0003,株式会社 ネクストワンズソリューション,,0,could not find pdf for id=PELA0003, filename=株式会社ネクストワンズソリューション 高齢者向け宅配弁当工場様_2024年5月_月間報告書
CHOS0001,特別養護老人ホーム 桃寿園,,0,could not find pdf for id=CHOS0001, filename=特別養護老人ホーム 桃寿園様_2024年5月_月間報告書
PELA0009,辻外科リハビリテーション病院,,0,could not find pdf for id=PELA0009, filename=辻外科リハビリテーション病院様_2024年5月_月間報告書
SASB0001,佐世保市総合医療センター,1,message successfully sent
KOCH0001,介護⽼⼈保健施設 ⼤今⾥ケアホーム,,0,could not find pdf for id=KOCH0001, filename=介護⽼⼈保健施設 ⼤今⾥ケアホーム様_2024年5月_月間報告書
MMTR0001,特別養護老人ホームすまいる苑,1,message successfully sent
HAKF0001,フォーシーズンズヴィラそよかぜ,1,message successfully sent
PELA0012,特別養護老人ホーム 北淡荘,,0,could not find pdf for id=PELA0012, filename=特別養護老人ホーム 北淡荘様_2024年5月_月間報告書
GNKF0002,がんこ難波本店,,0,could not find pdf for id=GNKF0002, filename=がんこ難波本店様_2024年5月_月間報告書
JNSE0001,甲南病院（厨房）,1,message successfully sent
