HKAI0001,博愛の園,,0,did not find HKAI0001 for ID->filename mapping
AIZN0001,愛染橋病院,,0,did not find AIZN0001 for ID->filename mapping
KMRK0001,ポートアイランド病院,,0,did not find KMRK0001 for ID->filename mapping
SAIS0001,済生会向島病院,,0,did not find SAIS0001 for ID->filename mapping
FRKS0001,ふれあい共生会,,0,did not find FRKS0001 for ID->filename mapping
KNSK0001,第二泉北病院,,0,did not find KNSK0001 for ID->filename mapping
SAIS0003,済生会 茨木病院,,0,did not find SAIS0003 for ID->filename mapping
AZNK0001,老健ケーアイ,,0,did not find AZNK0001 for ID->filename mapping
MNCH0001,箕面市立病院,,0,did not find MNCH0001 for ID->filename mapping
KRYS0001,ハートライフ病院,,0,did not find KRYS0001 for ID->filename mapping
HEIW0001,吉田病院,,0,did not find HEIW0001 for ID->filename mapping
KESK0001,ゆうあいホスピタル,,0,did not find KESK0001 for ID->filename mapping
SAIS0006,済生会横浜市東部病院,,0,did not find SAIS0006 for ID->filename mapping
BPTS0001,日本バプテスト病院,,0,did not find BPTS0001 for ID->filename mapping
TAPC0001,沖縄リハビリテーション病院,,0,did not find TAPC0001 for ID->filename mapping
AIWA0001,ローズコミュニティー,,0,did not find AIWA0001 for ID->filename mapping
AZNK0002,スローライフおかじま,,0,did not find AZNK0002 for ID->filename mapping
NHOH0001,東京医療センター,,0,did not find NHOH0001 for ID->filename mapping
AZNK0003,愛仁会リハビリテーション病院,,0,did not find AZNK0003 for ID->filename mapping
KNSN0001,神戸ほくと病院,,0,did not find KNSN0001 for ID->filename mapping
KUFM0004,近畿大学東大阪キャンパス7号館,,0,did not find KUFM0004 for ID->filename mapping
NCGM0001,国府台病院,,0,did not find NCGM0001 for ID->filename mapping
NCGM0002,国立国際医療研究センター病院,,0,did not find NCGM0002 for ID->filename mapping
AZNK0005,愛仁会リハビリテーション病院,,0,did not find AZNK0005 for ID->filename mapping
AZNK0004,ユーアイ,,0,did not find AZNK0004 for ID->filename mapping
AZNK0007,尼崎だいもつ病院,,0,did not find AZNK0007 for ID->filename mapping
AIWA0002,ローズコミュニティー2,,0,did not find AIWA0002 for ID->filename mapping
AZNK0008,明石医療センター,,0,did not find AZNK0008 for ID->filename mapping
AZNK0009,高槻病院,,0,did not find AZNK0009 for ID->filename mapping
AZNK0006,千船病院,,0,did not find AZNK0006 for ID->filename mapping
NHOH0002,宇多野病院,,0,did not find NHOH0002 for ID->filename mapping
NHOH0003,奈良医療センター,,0,did not find NHOH0003 for ID->filename mapping
KZNF0001,やすはら苑,,0,did not find KZNF0001 for ID->filename mapping
NHOH0004,近畿中央呼吸器センター,,0,did not find NHOH0004 for ID->filename mapping
NHOH0007,やまと精神医療センター,,0,did not find NHOH0007 for ID->filename mapping
SNKC0001,トレスタ白山,,0,did not find SNKC0001 for ID->filename mapping
SNKC0002,喜代美山荘 花樹海,,0,did not find SNKC0002 for ID->filename mapping
ASAK0001,浅香山病院,,0,did not find ASAK0001 for ID->filename mapping
ARIM0001,有馬グランドホテル,,0,did not find ARIM0001 for ID->filename mapping
KMRK0002,神戸マリナーズ厚生会病院,0,failed to send message, reason: "<HttpError 400 when requesting https://gmail.googleapis.com/gmail/v1/users/me/messages/send?alt=json returned "Recipient address required". Details: "[{'message': 'Recipient address required', 'domain': 'global', 'reason': 'invalidArgument'}]">"
ASPM0001,淀川キリスト教病院,,0,did not find ASPM0001 for ID->filename mapping
HCNR0001,大阪聘珍樓,,0,did not find HCNR0001 for ID->filename mapping
KBKS0001,神戸海星病院,,0,did not find KBKS0001 for ID->filename mapping
KBKS0002,神戸海星病院,,0,did not find KBKS0002 for ID->filename mapping
SERE0001,特別養護老人ホーム 淡路栄光園,,0,did not find SERE0001 for ID->filename mapping
HCOM0001,ささやま医療センター,,0,did not find HCOM0001 for ID->filename mapping
KSRN0001,厚生連高岡病院,,0,did not find KSRN0001 for ID->filename mapping
SAIS0007,福井県済生会病院,,0,did not find SAIS0007 for ID->filename mapping
SEIK0001,摂津特養ひかり,,0,did not find SEIK0001 for ID->filename mapping
SEIK0002,摂津老健ひかり,,0,did not find SEIK0002 for ID->filename mapping
KHNA0001,はくほう会加古川病院,,0,did not find KHNA0001 for ID->filename mapping
KHNA0002,六甲アイランド甲南病院,,0,did not find KHNA0002 for ID->filename mapping
KHNA0003,甲南介護老人保健施設,,0,did not find KHNA0003 for ID->filename mapping
HCOM0002,ささやま医療センター,,0,did not find HCOM0002 for ID->filename mapping
SHSH0001,ベリタス病院,,0,did not find SHSH0001 for ID->filename mapping
KMUH0001,関西医科大学香里病院,,0,did not find KMUH0001 for ID->filename mapping
PANA0001,くらしアプライアンス社草津工場,,0,did not find PANA0001 for ID->filename mapping
SERE0003,花屋敷栄光園,,0,did not find SERE0003 for ID->filename mapping
KYOW0001,協和会病院,,0,could not find pdf for id=KYOW0001, filename=協和会病院様_2024年6月_月間報告書
KOYU0001,介護老人保健施設 すばる魚崎の郷,,0,did not find KOYU0001 for ID->filename mapping
SERE0002,特別養護老人ホーム  森町愛光園,,0,did not find SERE0002 for ID->filename mapping
WRKE0001,社会福祉法人 奈良市和楽園,,0,did not find WRKE0001 for ID->filename mapping
JURK0001,箕面グリーンビィラ,,0,did not find JURK0001 for ID->filename mapping
CTHS0004,近江八幡市立総合医療センター,,0,did not find CTHS0004 for ID->filename mapping
KTHR0001,北播磨総合医療センター,,0,did not find KTHR0001 for ID->filename mapping
RAKW0001,洛和会音羽リハビリテーション病院,,0,did not find RAKW0001 for ID->filename mapping
YMKI0001,介護老人保健施設 やまき苑,,0,did not find YMKI0001 for ID->filename mapping
NGMK0001,国保野上厚生総合病院,,0,did not find NGMK0001 for ID->filename mapping
ZNSN0001,伊豆慶友病院,,0,did not find ZNSN0001 for ID->filename mapping
MRIN0001,宮地病院,,0,did not find MRIN0001 for ID->filename mapping
KOYU0002,すばる六甲,,0,did not find KOYU0002 for ID->filename mapping
OGKB0001,荻窪病院,,0,did not find OGKB0001 for ID->filename mapping
SAIS0009,泉南医療福祉センター,,0,did not find SAIS0009 for ID->filename mapping
MKWA0001,美喜和会オレンジホスピタル,,0,did not find MKWA0001 for ID->filename mapping
MNMG0003,佳翠苑 皆美,,0,did not find MNMG0003 for ID->filename mapping
BPTS0002,バプテスト老人保健施設,,0,did not find BPTS0002 for ID->filename mapping
YMKI0002,介護老人保健施設 やまき・あべの苑,,0,did not find YMKI0002 for ID->filename mapping
PBHS0001,公立八鹿病院,,0,did not find PBHS0001 for ID->filename mapping
KNSN0002,シルバーステイあじさい,1,message successfully sent
YMKI0003,山本第三病院,,0,did not find YMKI0003 for ID->filename mapping
YHHK0001,西横浜国際総合病院,,0,did not find YHHK0001 for ID->filename mapping
ISEI0001,学研都市病院,,0,did not find ISEI0001 for ID->filename mapping
KEJN0001,札幌西円山病院,,0,did not find KEJN0001 for ID->filename mapping
KOSH0001,青葉丘病院,,0,did not find KOSH0001 for ID->filename mapping
SEKE0001,千葉中央メディカルセンター,,0,did not find SEKE0001 for ID->filename mapping
SEKE0002,千葉メディカルセンター,,0,did not find SEKE0002 for ID->filename mapping
SEKE0003,介護老人保健施設 秀眉園,,0,did not find SEKE0003 for ID->filename mapping
KOWA0001,久我山病院,,0,did not find KOWA0001 for ID->filename mapping
SNKI0001,横浜新緑総合病院,,0,did not find SNKI0001 for ID->filename mapping
KOWA0002,特別養護老人ホーム 久我山園,1,message successfully sent
SEKE0004,セコメディック病院,,0,did not find SEKE0004 for ID->filename mapping
SNKI0002,鶴巻温泉病院,1,message successfully sent
KGAR0001,花吉野カンツリー俱楽部,,0,did not find KGAR0001 for ID->filename mapping
SHMZ0001,洛西シミズ病院,,0,did not find SHMZ0001 for ID->filename mapping
SHMZ0002,亀岡シミズ病院,,0,did not find SHMZ0002 for ID->filename mapping
NMSH0001,日本医科大学付属病院,1,message successfully sent
DOAI0001,同愛会病院,,0,did not find DOAI0001 for ID->filename mapping
ISHN0001,岡村一心堂病院,1,message successfully sent
AZNK0010,介護老人保健施設 ひまわり,1,message successfully sent
NHOH0008,国立病院機構 熊本医療センター,,0,did not find NHOH0008 for ID->filename mapping
JCHO0002,りつりん病院,,0,did not find JCHO0002 for ID->filename mapping
NHOH0009,国立病院機構 長崎病院,,0,did not find NHOH0009 for ID->filename mapping
TTJN0001,特別養護老人ホーム まつかぜの郷,,0,did not find TTJN0001 for ID->filename mapping
KNSY0001,東新潟病院,1,message successfully sent
CTHS0005,南魚沼市民病院,,0,did not find CTHS0005 for ID->filename mapping
KSMC0002,介護老人保健施設 京しみず,,0,could not find pdf for id=KSMC0002, filename=介護老人保健施設 京しみず様_2024年6月_月間報告書
KSMC0001,ケアフルヴィレッジ伏見しみずの郷,,0,did not find KSMC0001 for ID->filename mapping
TRTR0005,とれとれ市場南紀白浜直営店,,0,did not find TRTR0005 for ID->filename mapping
TRTR0006,とれとれ亭,,0,did not find TRTR0006 for ID->filename mapping
ICYK0001,服部病院,,0,did not find ICYK0001 for ID->filename mapping
KSWF0001,西陣病院,,0,did not find KSWF0001 for ID->filename mapping
NHOH0011,国立病院機構 四国がんセンター,,0,did not find NHOH0011 for ID->filename mapping
RAKW0002,洛和会音羽病院,,0,did not find RAKW0002 for ID->filename mapping
SAIS0011,済生会新潟病院,,0,did not find SAIS0011 for ID->filename mapping
KOSK0001,武田病院,1,message successfully sent
SEKE0006,千葉中央メディカルセンター,,0,did not find SEKE0006 for ID->filename mapping
TKSH0001,松原徳洲会病院,,0,did not find TKSH0001 for ID->filename mapping
OSKZ0001,城東養護老人ホーム,,0,did not find OSKZ0001 for ID->filename mapping
HKYU0001,名取病院・セレーナなとり,1,message successfully sent
MDRN0001,酒井病院・フルーツガーデンさかい,1,message successfully sent
JIEI0001,特別養護老人ホーム からまつ苑,,0,did not find JIEI0001 for ID->filename mapping
DWFK0001,特別養護老人ホーム まほろばの里,,0,did not find DWFK0001 for ID->filename mapping
SEKE0005,新東京病院,,0,did not find SEKE0005 for ID->filename mapping
KEFK0001,高岡病院,,0,did not find KEFK0001 for ID->filename mapping
SOSE0001,蘇生会総合病院,,0,did not find SOSE0001 for ID->filename mapping
SOSE0002,アールそせい・第2アールそせい,,0,did not find SOSE0002 for ID->filename mapping
REIM0001,北出病院,,0,did not find REIM0001 for ID->filename mapping
TKTK0001,特別養護老人ホーム 出丸苑,,0,did not find TKTK0001 for ID->filename mapping
JSHN0001,角田病院,,0,did not find JSHN0001 for ID->filename mapping
KACH0001,琵琶湖養育院病院,,0,did not find KACH0001 for ID->filename mapping
KGNE0001,高槻黄金の里特別養護老人ホーム,,0,did not find KGNE0001 for ID->filename mapping
KGNE0002,特別養護老人ホーム しぎの黄金の里,,0,did not find KGNE0002 for ID->filename mapping
MDRK0001,介護老人保健施設 なごみの里,,0,did not find MDRK0001 for ID->filename mapping
KEIJ0001,特別養護老人ホーム しかまの里,,0,did not find KEIJ0001 for ID->filename mapping
NMSH0002,日本医科大学千葉北総病院,,0,did not find NMSH0002 for ID->filename mapping
SEKO0001,介護老人保健施設 草津ケアセンター,1,message successfully sent
SHYU0001,くまもと芦北療育医療センター,,0,did not find SHYU0001 for ID->filename mapping
KBKS0003,コンフォートヒルズ六甲,,0,did not find KBKS0003 for ID->filename mapping
KESN0001,介護老人保健お施設 ひしの里,,0,did not find KESN0001 for ID->filename mapping
JIPP0001,新生病院,,0,did not find JIPP0001 for ID->filename mapping
HIRN0002,特別養護老人ホーム エイペックスひろの,,0,did not find HIRN0002 for ID->filename mapping
KBFK0001,特別養護老人ホーム 永栄園,,0,did not find KBFK0001 for ID->filename mapping
REIM0002,介護老人保健施設 和佐の里,,0,did not find REIM0002 for ID->filename mapping
SOAI0001,相原第二病院,,0,did not find SOAI0001 for ID->filename mapping
SHJK0001,特別養護老人ホーム 真心の園,,0,did not find SHJK0001 for ID->filename mapping
SEKO0002,淡海医療センター,,0,did not find SEKO0002 for ID->filename mapping
DAIW0001,大和中央病院,,0,did not find DAIW0001 for ID->filename mapping
SESH0001,野上病院,,0,did not find SESH0001 for ID->filename mapping
RTMK0001,立命館大学大阪いばらきキャンパス OICカフェテリア,,0,did not find RTMK0001 for ID->filename mapping
RTMK0002,立命館大学びわこ・くさつキャンパス ユニオンフードコート,,0,did not find RTMK0002 for ID->filename mapping
RTMK0003,立命館大学びわこ・くさつキャンパス ユニオンカフェテリア,,0,did not find RTMK0003 for ID->filename mapping
RTMK0004,立命館大学びわこ・くさつキャンパス リンクカフェテリア,,0,did not find RTMK0004 for ID->filename mapping
RTMK0005,立命館大学衣笠キャンパス 諒友館食堂,,0,did not find RTMK0005 for ID->filename mapping
RTMK0006,立命館大学衣笠キャンパス 存心館食堂,,0,did not find RTMK0006 for ID->filename mapping
RTMK0007,立命館大学衣笠キャンパス 以学館食堂,,0,did not find RTMK0007 for ID->filename mapping
KOUY0001,特別養護老人ホーム 大和園白鳳,,0,did not find KOUY0001 for ID->filename mapping
AJRG0001,宇治病院,,0,did not find AJRG0001 for ID->filename mapping
KESN0002,介護老人保健施設 萌木の村,,0,did not find KESN0002 for ID->filename mapping
KYHK0001,京都博愛会病院,,0,did not find KYHK0001 for ID->filename mapping
SSJZ0001,なごみの里病院,,0,did not find SSJZ0001 for ID->filename mapping
RYMD0001,大野病院,,0,did not find RYMD0001 for ID->filename mapping
KNWA0002,介護老人保健施設 ならふくじゅ荘,,0,did not find KNWA0002 for ID->filename mapping
SSJZ0003,京都ならびがおか病院,,0,did not find SSJZ0003 for ID->filename mapping
KYWS0001,加納総合病院,,0,did not find KYWS0001 for ID->filename mapping
SKKE0001,リブウェル聖恵,,0,did not find SKKE0001 for ID->filename mapping
FRHS0001,揖保川病院,,0,did not find FRHS0001 for ID->filename mapping
KOCH0002,大宮ケアホーム光,,0,did not find KOCH0002 for ID->filename mapping
MIRK0001,特別養護老人ホーム 日野しみずの里,,0,did not find MIRK0001 for ID->filename mapping
MIRK0002,特別養護老人ホーム いでの里,,0,did not find MIRK0002 for ID->filename mapping
MIRK0003,特別養護老人ホーム 久御山しみずの里,,0,did not find MIRK0003 for ID->filename mapping
KSMC0004,脳神経リハビリ北大路病院,,0,did not find KSMC0004 for ID->filename mapping
KSMC0003,介護老人保健施設 第二京しみず,,0,did not find KSMC0003 for ID->filename mapping
KOUS0001,関屋病院,,0,did not find KOUS0001 for ID->filename mapping
SSJZ0002,京都東山老年サナトリウム,,0,did not find SSJZ0002 for ID->filename mapping
KYSK0001,特別養護老人ホーム 瑞光苑,,0,did not find KYSK0001 for ID->filename mapping
SEJY0001,ためなが温泉病院,,0,did not find SEJY0001 for ID->filename mapping
SHYU0002,くまもと江津湖療育医療センター,,0,did not find SHYU0002 for ID->filename mapping
IHRM0001,医療法人ＩＨＩ播磨病院,,0,did not find IHRM0001 for ID->filename mapping
JIKR0001,八幡慈恵病院,,0,did not find JIKR0001 for ID->filename mapping
SYNJ0001,特別養護老人ホーム ぐんげ今城の丘,,0,did not find SYNJ0001 for ID->filename mapping
PELA0014,特別養護老人ホーム 浜の宮松竹園,,0,did not find PELA0014 for ID->filename mapping
EXED0001,株式会社エクセディ 上野事業所（第1厨房、第2厨房）,,0,did not find EXED0001 for ID->filename mapping
USKI0001,臼杵市医師会立コスモス病院,,0,did not find USKI0001 for ID->filename mapping
PELA0003,株式会社ネクストワンズソリューション 高齢者向け宅配弁当工場,,0,did not find PELA0003 for ID->filename mapping
CHOS0001,特別養護老人ホーム 桃寿園,,0,did not find CHOS0001 for ID->filename mapping
PELA0009,辻外科リハビリテーション病院,,0,did not find PELA0009 for ID->filename mapping
SASB0001,佐世保市総合医療センター,,0,did not find SASB0001 for ID->filename mapping
KOCH0001,介護⽼⼈保健施設 ⼤今⾥ケアホーム,,0,did not find KOCH0001 for ID->filename mapping
MMTR0001,特別養護老人ホームすまいる苑,,0,did not find MMTR0001 for ID->filename mapping
HAKF0001,フォーシーズンズヴィラそよかぜ,,0,did not find HAKF0001 for ID->filename mapping
PELA0012,特別養護老人ホーム 北淡荘,,0,did not find PELA0012 for ID->filename mapping
GNKF0002,がんこ難波本店,,0,did not find GNKF0002 for ID->filename mapping
JNSE0001,甲南病院,,0,did not find JNSE0001 for ID->filename mapping
FUYH0001,介護老人福祉施設 水都ホーム福町,,0,did not find FUYH0001 for ID->filename mapping
SUMY0001,角谷リハビリテーション病院,,0,did not find SUMY0001 for ID->filename mapping
PELA0036,正和病院,,0,did not find PELA0036 for ID->filename mapping
KKFH0001,東京小児療育病院,,0,did not find KKFH0001 for ID->filename mapping
KRMT0001,株式会社栗本鐵工所 住吉工場,,0,did not find KRMT0001 for ID->filename mapping
KIWA0001,生野中央病院,,0,did not find KIWA0001 for ID->filename mapping
PELA0002,香里ヶ丘有恵会病院,,0,did not find PELA0002 for ID->filename mapping
PELA0005,淀川キリスト教病院老人保健施設,1,message successfully sent
PELA0019,サニーピア,,0,did not find PELA0019 for ID->filename mapping
PELA0032,大和橿原病院,,0,did not find PELA0032 for ID->filename mapping
PELA0041,介護老人保健施設　美樟苑,,0,did not find PELA0041 for ID->filename mapping
PELA0038,介護老人保健施設 清和香櫨園,,0,did not find PELA0038 for ID->filename mapping
PELA0018,特別養護老人ホーム オリンピア,,0,did not find PELA0018 for ID->filename mapping
HIRN0001,特別養護老人ホーム リヴェスタ ひろの,,0,did not find HIRN0001 for ID->filename mapping
PELA0062,特別養護老人ホーム 豊中グリーンヒル,,0,did not find PELA0062 for ID->filename mapping
SMTM0001,住友病院,,0,did not find SMTM0001 for ID->filename mapping
SMRE0001,伊川谷病院,,0,did not find SMRE0001 for ID->filename mapping
SERE0004,聖隷淡路病院,,0,did not find SERE0004 for ID->filename mapping
PELA0034,高齢者総合福祉施設 エルホーム芦屋,,0,did not find PELA0034 for ID->filename mapping
SYOY0001,特別養護老人ホームみんなと暮らす町,,0,did not find SYOY0001 for ID->filename mapping
HCOM0003,ささやま医療センター,,0,could not find pdf for id=HCOM0003, filename=ささやま医療センター様（厨房）_2024年6月_月間報告書
